[debug] [2020-09-30T11:49:54.221Z] ----------------------------------------------------------------------
[debug] [2020-09-30T11:49:54.224Z] Command:       C:\Program Files\nodejs\node.exe C:\Users\Super-sami.com\AppData\Roaming\npm\node_modules\firebase-tools\lib\bin\firebase.js emulators:start
[debug] [2020-09-30T11:49:54.224Z] CLI Version:   8.11.0
[debug] [2020-09-30T11:49:54.225Z] Platform:      win32
[debug] [2020-09-30T11:49:54.225Z] Node Version:  v14.8.0
[debug] [2020-09-30T11:49:54.226Z] Time:          Wed Sep 30 2020 16:49:54 GMT+0500 (Pakistan Standard Time)
[debug] [2020-09-30T11:49:54.226Z] ----------------------------------------------------------------------
[debug] [2020-09-30T11:49:54.226Z] 
[debug] [2020-09-30T11:49:54.235Z] > command requires scopes: ["email","openid","https://www.googleapis.com/auth/cloudplatformprojects.readonly","https://www.googleapis.com/auth/firebase","https://www.googleapis.com/auth/cloud-platform"]
[debug] [2020-09-30T11:49:54.235Z] > authorizing via signed-in user
[info] i  emulators: Starting emulators: functions, hosting {"metadata":{"emulator":{"name":"hub"},"message":"Starting emulators: functions, hosting"}}
[debug] [2020-09-30T11:49:56.268Z] [hub] writing locator at C:\Users\SUPER-~1.COM\AppData\Local\Temp\hub-clone-abac6.json
[warn] !  functions: The following emulators are not running, calls to these services from the Functions emulator will affect production: auth, firestore, database, pubsub {"metadata":{"emulator":{"name":"functions"},"message":"The following emulators are not running, calls to these services from the Functions emulator will affect production: \u001b[1mauth, firestore, database, pubsub\u001b[22m"}}
[warn] !  Your requested "node" version "10" doesn't match your global version "14" {"metadata":{"emulator":{"name":"functions"},"message":"Your requested \"node\" version \"10\" doesn't match your global version \"14\""}}
[debug] [2020-09-30T11:49:58.334Z] defaultcredentials: writing to file C:\Users\Super-sami.com\AppData\Roaming\firebase\ashharimam490_gmail_com_application_default_credentials.json
[debug] [2020-09-30T11:49:58.337Z] Setting GAC to C:\Users\Super-sami.com\AppData\Roaming\firebase\ashharimam490_gmail_com_application_default_credentials.json {"metadata":{"emulator":{"name":"functions"},"message":"Setting GAC to C:\\Users\\Super-sami.com\\AppData\\Roaming\\firebase\\ashharimam490_gmail_com_application_default_credentials.json"}}
[debug] [2020-09-30T11:50:00.357Z] > refreshing access token with scopes: ["email","https://www.googleapis.com/auth/cloud-platform","https://www.googleapis.com/auth/cloudplatformprojects.readonly","https://www.googleapis.com/auth/firebase","openid"]
[debug] [2020-09-30T11:50:00.358Z] >>> HTTP REQUEST POST https://www.googleapis.com/oauth2/v3/token  
 <request body omitted>
[debug] [2020-09-30T11:50:00.707Z] <<< HTTP RESPONSE 200 {"content-type":"application/json; charset=utf-8","vary":"X-Origin, Referer, Origin,Accept-Encoding","date":"Wed, 30 Sep 2020 11:50:00 GMT","server":"scaffolding on HTTPServer2","cache-control":"private","x-xss-protection":"0","x-frame-options":"SAMEORIGIN","x-content-type-options":"nosniff","alt-svc":"h3-Q050=\":443\"; ma=2592000,h3-29=\":443\"; ma=2592000,h3-27=\":443\"; ma=2592000,h3-T051=\":443\"; ma=2592000,h3-T050=\":443\"; ma=2592000,h3-Q046=\":443\"; ma=2592000,h3-Q043=\":443\"; ma=2592000,quic=\":443\"; ma=2592000; v=\"46,43\"","accept-ranges":"none","transfer-encoding":"chunked"}
[debug] [2020-09-30T11:50:00.771Z] >>> HTTP REQUEST GET https://firebase.googleapis.com/v1beta1/projects/clone-abac6/webApps/-/config  
 
[debug] [2020-09-30T11:50:02.017Z] <<< HTTP RESPONSE 200 {"content-type":"application/json; charset=UTF-8","vary":"X-Origin, Referer, Origin,Accept-Encoding","date":"Wed, 30 Sep 2020 11:50:01 GMT","server":"ESF","cache-control":"private","x-xss-protection":"0","x-frame-options":"SAMEORIGIN","x-content-type-options":"nosniff","alt-svc":"h3-Q050=\":443\"; ma=2592000,h3-29=\":443\"; ma=2592000,h3-27=\":443\"; ma=2592000,h3-T051=\":443\"; ma=2592000,h3-T050=\":443\"; ma=2592000,h3-Q046=\":443\"; ma=2592000,h3-Q043=\":443\"; ma=2592000,quic=\":443\"; ma=2592000; v=\"46,43\"","accept-ranges":"none","transfer-encoding":"chunked"}
[info] i  hosting: Serving hosting files from: build {"metadata":{"emulator":{"name":"hosting"},"message":"Serving hosting files from: \u001b[1mbuild\u001b[22m"}}
[info] +  hosting: Local server: http://localhost:5000 {"metadata":{"emulator":{"name":"hosting"},"message":"Local server: \u001b[4m\u001b[1mhttp://localhost:5000\u001b[22m\u001b[24m"}}
[debug] [2020-09-30T11:50:06.400Z] Ignoring unsupported arg: auto_download {"metadata":{"emulator":{"name":"ui"},"message":"Ignoring unsupported arg: auto_download"}}
[debug] [2020-09-30T11:50:06.401Z] Ignoring unsupported arg: port {"metadata":{"emulator":{"name":"ui"},"message":"Ignoring unsupported arg: port"}}
[debug] [2020-09-30T11:50:06.401Z] Starting Emulator UI with command {"binary":"node","args":["C:\\Users\\Super-sami.com\\.cache\\firebase\\emulators\\ui-v1.1.1\\server.bundle.js"],"optionalArgs":[],"joinArgs":false} {"metadata":{"emulator":{"name":"ui"},"message":"Starting Emulator UI with command {\"binary\":\"node\",\"args\":[\"C:\\\\Users\\\\Super-sami.com\\\\.cache\\\\firebase\\\\emulators\\\\ui-v1.1.1\\\\server.bundle.js\"],\"optionalArgs\":[],\"joinArgs\":false}"}}
[info] i  ui: Emulator UI logging to ui-debug.log {"metadata":{"emulator":{"name":"ui"},"message":"Emulator UI logging to \u001b[1mui-debug.log\u001b[22m"}}
[debug] [2020-09-30T11:50:06.635Z] Web / API server started at http://localhost:4000
 {"metadata":{"emulator":{"name":"ui"},"message":"Web / API server started at http://localhost:4000\n"}}
[info] i  functions: Watching "F:\ashhar\React\Amazon Clone\amazon-clone\amazon-clone\functions" for Cloud Functions... {"metadata":{"emulator":{"name":"functions"},"message":"Watching \"F:\\ashhar\\React\\Amazon Clone\\amazon-clone\\amazon-clone\\functions\" for Cloud Functions..."}}
[debug] [2020-09-30T11:50:06.944Z] [worker-pool] addWorker(~diagnostic~) {"metadata":{"emulator":{"name":"functions"},"message":"[worker-pool] addWorker(~diagnostic~)"}}
[debug] [2020-09-30T11:50:06.945Z] [worker-pool] Adding worker with key ~diagnostic~, total=1 {"metadata":{"emulator":{"name":"functions"},"message":"[worker-pool] Adding worker with key ~diagnostic~, total=1"}}
[debug] [2020-09-30T11:50:06.946Z] [worker-pool] submitWork(triggerId=) {"metadata":{"emulator":{"name":"functions"},"message":"[worker-pool] submitWork(triggerId=)"}}
[debug] [2020-09-30T11:50:06.947Z] [worker-~diagnostic~-a51dd4dc-37f2-48d1-93d2-bf71b5d9559a]: Assigning socketPath: \\?\pipe\F:\ashhar\React\Amazon Clone\amazon-clone\amazon-clone\functions\43976 {"metadata":{"emulator":{"name":"functions"},"message":"[worker-~diagnostic~-a51dd4dc-37f2-48d1-93d2-bf71b5d9559a]: Assigning socketPath: \\\\?\\pipe\\F:\\ashhar\\React\\Amazon Clone\\amazon-clone\\amazon-clone\\functions\\43976"}}
[debug] [2020-09-30T11:50:06.947Z] [worker-~diagnostic~-a51dd4dc-37f2-48d1-93d2-bf71b5d9559a]: BUSY {"metadata":{"emulator":{"name":"functions"},"message":"[worker-~diagnostic~-a51dd4dc-37f2-48d1-93d2-bf71b5d9559a]: BUSY"}}
